warning: ignoring unsupported tag `ALLOW_UNICODE_NAMES    =' at line 79, file /home/travis/build/tvargasvicencio/EscBasket/Doxyfile
warning: ignoring unsupported tag `MARKDOWN_SUPPORT       =' at line 304, file /home/travis/build/tvargasvicencio/EscBasket/Doxyfile
warning: ignoring unsupported tag `AUTOLINK_SUPPORT       =' at line 312, file /home/travis/build/tvargasvicencio/EscBasket/Doxyfile
warning: ignoring unsupported tag `GROUP_NESTED_COMPOUNDS =' at line 361, file /home/travis/build/tvargasvicencio/EscBasket/Doxyfile
warning: ignoring unsupported tag `EXTRACT_PACKAGE        =' at line 441, file /home/travis/build/tvargasvicencio/EscBasket/Doxyfile
warning: ignoring unsupported tag `HIDE_COMPOUND_REFERENCE=' at line 532, file /home/travis/build/tvargasvicencio/EscBasket/Doxyfile
warning: ignoring unsupported tag `SHOW_GROUPED_MEMB_INC  =' at line 545, file /home/travis/build/tvargasvicencio/EscBasket/Doxyfile
warning: ignoring unsupported tag `WARN_AS_ERROR          =' at line 756, file /home/travis/build/tvargasvicencio/EscBasket/Doxyfile
warning: ignoring unsupported tag `USE_MDFILE_AS_MAINPAGE =' at line 976, file /home/travis/build/tvargasvicencio/EscBasket/Doxyfile
warning: ignoring unsupported tag `SOURCE_TOOLTIPS        =' at line 1032, file /home/travis/build/tvargasvicencio/EscBasket/Doxyfile
warning: ignoring unsupported tag `CLANG_ASSISTED_PARSING =' at line 1073, file /home/travis/build/tvargasvicencio/EscBasket/Doxyfile
warning: ignoring unsupported tag `CLANG_OPTIONS          =' at line 1081, file /home/travis/build/tvargasvicencio/EscBasket/Doxyfile
warning: ignoring unsupported tag `HTML_EXTRA_STYLESHEET  =' at line 1186, file /home/travis/build/tvargasvicencio/EscBasket/Doxyfile
warning: ignoring unsupported tag `HTML_INDEX_NUM_ENTRIES =' at line 1256, file /home/travis/build/tvargasvicencio/EscBasket/Doxyfile
warning: ignoring unsupported tag `MATHJAX_FORMAT         =' at line 1537, file /home/travis/build/tvargasvicencio/EscBasket/Doxyfile
warning: ignoring unsupported tag `MATHJAX_CODEFILE       =' at line 1565, file /home/travis/build/tvargasvicencio/EscBasket/Doxyfile
warning: ignoring unsupported tag `EXTERNAL_SEARCH        =' at line 1614, file /home/travis/build/tvargasvicencio/EscBasket/Doxyfile
warning: ignoring unsupported tag `SEARCHENGINE_URL       =' at line 1625, file /home/travis/build/tvargasvicencio/EscBasket/Doxyfile
warning: ignoring unsupported tag `SEARCHDATA_FILE        =' at line 1633, file /home/travis/build/tvargasvicencio/EscBasket/Doxyfile
warning: ignoring unsupported tag `EXTERNAL_SEARCH_ID     =' at line 1641, file /home/travis/build/tvargasvicencio/EscBasket/Doxyfile
warning: ignoring unsupported tag `EXTRA_SEARCH_MAPPINGS  =' at line 1651, file /home/travis/build/tvargasvicencio/EscBasket/Doxyfile
warning: ignoring unsupported tag `LATEX_EXTRA_STYLESHEET =' at line 1753, file /home/travis/build/tvargasvicencio/EscBasket/Doxyfile
warning: ignoring unsupported tag `LATEX_EXTRA_FILES      =' at line 1761, file /home/travis/build/tvargasvicencio/EscBasket/Doxyfile
warning: ignoring unsupported tag `LATEX_TIMESTAMP        =' at line 1820, file /home/travis/build/tvargasvicencio/EscBasket/Doxyfile
warning: ignoring unsupported tag `RTF_SOURCE_CODE        =' at line 1886, file /home/travis/build/tvargasvicencio/EscBasket/Doxyfile
warning: ignoring unsupported tag `MAN_SUBDIR             =' at line 1921, file /home/travis/build/tvargasvicencio/EscBasket/Doxyfile
warning: ignoring unsupported tag `GENERATE_DOCBOOK       =' at line 1967, file /home/travis/build/tvargasvicencio/EscBasket/Doxyfile
warning: ignoring unsupported tag `DOCBOOK_OUTPUT         =' at line 1975, file /home/travis/build/tvargasvicencio/EscBasket/Doxyfile
warning: ignoring unsupported tag `DOCBOOK_PROGRAMLISTING =' at line 1984, file /home/travis/build/tvargasvicencio/EscBasket/Doxyfile
warning: ignoring unsupported tag `EXTERNAL_PAGES         =' at line 2158, file /home/travis/build/tvargasvicencio/EscBasket/Doxyfile
warning: ignoring unsupported tag `DIA_PATH               =' at line 2193, file /home/travis/build/tvargasvicencio/EscBasket/Doxyfile
warning: ignoring unsupported tag `UML_LIMIT_NUM_FIELDS   =' at line 2287, file /home/travis/build/tvargasvicencio/EscBasket/Doxyfile
warning: ignoring unsupported tag `DIAFILE_DIRS           =' at line 2407, file /home/travis/build/tvargasvicencio/EscBasket/Doxyfile
warning: ignoring unsupported tag `PLANTUML_JAR_PATH      =' at line 2415, file /home/travis/build/tvargasvicencio/EscBasket/Doxyfile
warning: ignoring unsupported tag `PLANTUML_INCLUDE_PATH  =' at line 2420, file /home/travis/build/tvargasvicencio/EscBasket/Doxyfile
warning: tag INPUT: input source `/app' does not exist
warning: tag INPUT: input source `/tests' does not exist
Warning: The selected output language "spanish" has not been updated
since release 1.7.5.  As a result some sentences may appear in English.

warning: source /app is not a readable file or directory... skipping.
warning: source /tests is not a readable file or directory... skipping.
Searching for include files...
Searching for example files...
Searching for images...
Searching for dot files...
Searching for msc files...
Searching for files to exclude
Searching for files to process...
Reading and parsing tag files
Building group list...
Building directory list...
Building namespace list...
Building file list...
Building class list...
Associating documentation with classes...
Computing nesting relations for classes...
Building example list...
Searching for enumerations...
Searching for documented typedefs...
Searching for members imported via using declarations...
Searching for included using directives...
Searching for documented variables...
Building member list...
Searching for friends...
Searching for documented defines...
Computing class inheritance relations...
Computing class usage relations...
Flushing cached template relations that have become invalid...
Creating members for template instances...
Computing class relations...
Add enum values to enums...
Searching for member function documentation...
Building page list...
Search for main page...
Computing page relations...
Determining the scope of groups...
Sorting lists...
Freeing entry tree
Determining which enums are documented
Computing member relations...
Building full member lists recursively...
Adding members to member groups.
Computing member references...
Inheriting documentation...
Generating disk names...
Adding source references...
Adding xrefitems...
Sorting member lists...
Generating citations page...
Counting data structures...
Resolving user defined references...
Finding anchors and sections in the documentation...
Combining using relations...
Adding members to index pages...
Generating style sheet...
Generating search indices...
Generating example documentation...
Generating file sources...
Generating file documentation...
Generating page documentation...
Generating group documentation...
Generating class documentation...
Generating namespace index...
Generating graph info page...
Generating index page...
Generating page index...
Generating module index...
Generating namespace index...
Generating namespace member index...
Generating annotated compound index...
Generating alphabetical compound index...
Generating hierarchical class index...
Generating graphical class hierarchy...
Generating member index...
Generating file index...
Generating file member index...
Generating example index...
finalizing index lists...
Running dot for graph 1/1
symbol cache used 0/65536 hits=0 misses=0
lookup cache used 0/65536 hits=0 misses=0
finished...
